<?xml version="1.0" encoding="UTF-8"?>
<!-- Generated by org.testng.reporters.JUnitXMLReporter -->
<testsuite ignored="0" hostname="DESKTOP-I94TVPU" failures="0" tests="10" name="Test" time="58.862" errors="0" timestamp="2022-05-23T11:32:02 IST">
  <testcase classname="Hybrid.logincrm" name="loginApp" time="4.814"/>
  <testcase classname="Hybrid.logincrm" name="signupapp" time="5.982"/>
  <testcase classname="Hybrid.logincrm" name="searchupapp" time="9.648"/>
  <testcase classname="Hybrid.logincrm" name="Bedapp" time="7.954"/>
  <testcase classname="Hybrid.logincrm" name="Bedappcart" time="3.985"/>
  <testcase classname="Hybrid.logincrm" name="assertions" time="2.22"/>
  <testcase classname="Hybrid.logincrm" name="tvappcart" time="1.934"/>
  <testcase classname="Hybrid.logincrm" name="studyapp" time="11.415"/>
  <testcase classname="Hybrid.logincrm" name="aboutapp" time="0.732"/>
  <testcase classname="Hybrid.logincrm" name="infoapp" time="0.488"/>
</testsuite> <!-- Test -->
